[INFO  - 2018-06-22T09:56:47.505Z] GhostDriver - Main - running on port 60601
[INFO  - 2018-06-22T09:56:51.898Z] Session [96542830-7602-11e8-bf89-e311c8c90dd3] - page.settings - {"XSSAuditingEnabled":false,"javascriptCanCloseWindows":true,"javascriptCanOpenWindows":true,"javascriptEnabled":true,"loadImages":true,"localToRemoteUrlAccessEnabled":false,"userAgent":"Mozilla/5.0 (Windows NT 6.2; WOW64) AppleWebKit/538.1 (KHTML, like Gecko) PhantomJS/2.1.1 Safari/538.1","webSecurityEnabled":true}
[INFO  - 2018-06-22T09:56:51.899Z] Session [96542830-7602-11e8-bf89-e311c8c90dd3] - page.customHeaders:  - {}
[INFO  - 2018-06-22T09:56:51.899Z] Session [96542830-7602-11e8-bf89-e311c8c90dd3] - Session.negotiatedCapabilities - {"browserName":"phantomjs","version":"2.1.1","driverName":"ghostdriver","driverVersion":"1.2.0","platform":"windows-10-32bit","javascriptEnabled":true,"takesScreenshot":true,"handlesAlerts":false,"databaseEnabled":false,"locationContextEnabled":false,"applicationCacheEnabled":false,"browserConnectionEnabled":false,"cssSelectorsEnabled":true,"webStorageEnabled":false,"rotatable":false,"acceptSslCerts":false,"nativeEvents":true,"proxy":{"proxyType":"direct"}}
[INFO  - 2018-06-22T09:56:51.899Z] SessionManagerReqHand - _postNewSessionCommand - New Session Created: 96542830-7602-11e8-bf89-e311c8c90dd3
[ERROR - 2018-06-22T09:56:55.834Z] Session [96542830-7602-11e8-bf89-e311c8c90dd3] - page.onError - msg: TypeError: undefined is not a constructor (evaluating 'videoTest.canPlayType('video/mp4; codecs="avc1.42E01E, mp4a.40.2"')')

  phantomjs://platform/console++.js:263 in error
[ERROR - 2018-06-22T09:56:55.835Z] Session [96542830-7602-11e8-bf89-e311c8c90dd3] - page.onError - stack:
  (anonymous function) (https://qzonestyle.gtimg.cn/c/=/qzone/phone/m/v4/lib/router/index.js,/qzone/phone/m/v4/lib/zepto.js,/qzone/phone/m/v4/lib/qz.js,/qzone/phone/m/v4/module/framework3/index.js:1729)
  exec (https://qzonestyle.gtimg.cn/qzone/phone/m/v4/lib/dist/seajs3-0.1.5.js?max_age=31104000:11)
  b (https://qzonestyle.gtimg.cn/qzone/phone/m/v4/lib/dist/seajs3-0.1.5.js?max_age=31104000:10)
  (anonymous function) (https://qzonestyle.gtimg.cn/c/=/qzone/phone/m/v4/lib/router/index.js,/qzone/phone/m/v4/lib/zepto.js,/qzone/phone/m/v4/lib/qz.js,/qzone/phone/m/v4/module/framework3/index.js:2684)
  exec (https://qzonestyle.gtimg.cn/qzone/phone/m/v4/lib/dist/seajs3-0.1.5.js?max_age=31104000:11)
  b (https://qzonestyle.gtimg.cn/qzone/phone/m/v4/lib/dist/seajs3-0.1.5.js?max_age=31104000:10)
  init (https://qzonestyle.gtimg.cn/c/=/qzone/phone/m/v4/lib/router/index.js,/qzone/phone/m/v4/lib/zepto.js,/qzone/phone/m/v4/lib/qz.js,/qzone/phone/m/v4/module/framework3/index.js:2428)
  (anonymous function) (https://qzonestyle.gtimg.cn/c/=/qzone/phone/m/v4/lib/router/index.js,/qzone/phone/m/v4/lib/zepto.js,/qzone/phone/m/v4/lib/qz.js,/qzone/phone/m/v4/module/framework3/index.js:2408)
  (anonymous function) (https://qzonestyle.gtimg.cn/c/=/qzone/phone/m/v4/lib/router/index.js,/qzone/phone/m/v4/lib/zepto.js,/qzone/phone/m/v4/lib/qz.js,/qzone/phone/m/v4/module/framework3/index.js:1462)
  exec (https://qzonestyle.gtimg.cn/qzone/phone/m/v4/lib/dist/seajs3-0.1.5.js?max_age=31104000:11)
  callback (https://qzonestyle.gtimg.cn/qzone/phone/m/v4/lib/dist/seajs3-0.1.5.js?max_age=31104000:12)
  onload (https://qzonestyle.gtimg.cn/qzone/phone/m/v4/lib/dist/seajs3-0.1.5.js?max_age=31104000:8)
  onload (https://qzonestyle.gtimg.cn/qzone/phone/m/v4/lib/dist/seajs3-0.1.5.js?max_age=31104000:8)
  onload (https://qzonestyle.gtimg.cn/qzone/phone/m/v4/lib/dist/seajs3-0.1.5.js?max_age=31104000:8)
  onload (https://qzonestyle.gtimg.cn/qzone/phone/m/v4/lib/dist/seajs3-0.1.5.js?max_age=31104000:8)
  load (https://qzonestyle.gtimg.cn/qzone/phone/m/v4/lib/dist/seajs3-0.1.5.js?max_age=31104000:7)
  a (https://qzonestyle.gtimg.cn/qzone/phone/m/v4/lib/dist/seajs3-0.1.5.js?max_age=31104000:9)
  onreadystatechange (https://qzonestyle.gtimg.cn/qzone/phone/m/v4/lib/dist/seajs3-0.1.5.js?max_age=31104000:9)

  phantomjs://platform/console++.js:263 in error
[ERROR - 2018-06-22T09:56:55.930Z] Session [96542830-7602-11e8-bf89-e311c8c90dd3] - page.onError - msg: TypeError: undefined is not a constructor (evaluating 'new FrameWork.Hook(this.evtmap)')

  phantomjs://platform/console++.js:263 in error
[ERROR - 2018-06-22T09:56:55.930Z] Session [96542830-7602-11e8-bf89-e311c8c90dd3] - page.onError - stack:
  bind (https://qzonestyle.gtimg.cn/c/=/qzone/phone/m/v4/module/info2/index.js,/qzone/phone/m/v4/module/templates/index.js,/qzone/phone/m/v4/module/templates/dateTimeFormat.js,/qzone/phone/m/v4/module/templates/getFixPic.js,/qzone/phone/m/v4/widget/feed2/index.js,/qzone/phone/m/v4/module/templates/element2/tmpl.js,/qzone/phone/m/v4/widget/lazy.js,/qzone/phone/m/v4/widget/commonhook.js,/qzone/phone/m/v4/widget/player/index.js,/qzone/phone/m/v4/module/base/base.mod.js:14)
  init (https://qzonestyle.gtimg.cn/c/=/qzone/phone/m/v4/module/info2/index.js,/qzone/phone/m/v4/module/templates/index.js,/qzone/phone/m/v4/module/templates/dateTimeFormat.js,/qzone/phone/m/v4/module/templates/getFixPic.js,/qzone/phone/m/v4/widget/feed2/index.js,/qzone/phone/m/v4/module/templates/element2/tmpl.js,/qzone/phone/m/v4/widget/lazy.js,/qzone/phone/m/v4/widget/commonhook.js,/qzone/phone/m/v4/widget/player/index.js,/qzone/phone/m/v4/module/base/base.mod.js:3243)
  init (https://qzonestyle.gtimg.cn/c/=/qzone/phone/m/v4/module/info2/index.js,/qzone/phone/m/v4/module/templates/index.js,/qzone/phone/m/v4/module/templates/dateTimeFormat.js,/qzone/phone/m/v4/module/templates/getFixPic.js,/qzone/phone/m/v4/widget/feed2/index.js,/qzone/phone/m/v4/module/templates/element2/tmpl.js,/qzone/phone/m/v4/widget/lazy.js,/qzone/phone/m/v4/widget/commonhook.js,/qzone/phone/m/v4/widget/player/index.js,/qzone/phone/m/v4/module/base/base.mod.js:14)
  (anonymous function) (https://qzonestyle.gtimg.cn/c/=/qzone/phone/m/v4/lib/router/index.js,/qzone/phone/m/v4/lib/zepto.js,/qzone/phone/m/v4/lib/qz.js,/qzone/phone/m/v4/module/framework3/index.js:31)
  callback (https://qzonestyle.gtimg.cn/qzone/phone/m/v4/lib/dist/seajs3-0.1.5.js?max_age=31104000:12)
  onload (https://qzonestyle.gtimg.cn/qzone/phone/m/v4/lib/dist/seajs3-0.1.5.js?max_age=31104000:8)
  onload (https://qzonestyle.gtimg.cn/qzone/phone/m/v4/lib/dist/seajs3-0.1.5.js?max_age=31104000:8)
  onload (https://qzonestyle.gtimg.cn/qzone/phone/m/v4/lib/dist/seajs3-0.1.5.js?max_age=31104000:8)
  load (https://qzonestyle.gtimg.cn/qzone/phone/m/v4/lib/dist/seajs3-0.1.5.js?max_age=31104000:7)
  load (https://qzonestyle.gtimg.cn/qzone/phone/m/v4/lib/dist/seajs3-0.1.5.js?max_age=31104000:8)
  a (https://qzonestyle.gtimg.cn/qzone/phone/m/v4/lib/dist/seajs3-0.1.5.js?max_age=31104000:9)
  onreadystatechange (https://qzonestyle.gtimg.cn/qzone/phone/m/v4/lib/dist/seajs3-0.1.5.js?max_age=31104000:9)

  phantomjs://platform/console++.js:263 in error
